.\lensview.pdb
C:\RENDERING\mypbrt\DigiImgSynthesis\src\3rdparty\lensview\Debug\cl.command.1.tlog
C:\RENDERING\mypbrt\DigiImgSynthesis\src\3rdparty\lensview\Debug\CL.read.1.tlog
C:\RENDERING\mypbrt\DigiImgSynthesis\src\3rdparty\lensview\Debug\CL.write.1.tlog
C:\RENDERING\MYPBRT\DIGIIMGSYNTHESIS\SRC\3RDPARTY\LENSVIEW\DEBUG\LENSDATA.OBJ
C:\RENDERING\mypbrt\DigiImgSynthesis\src\3rdparty\lensview\Debug\lensview.exe.embed.manifest
C:\RENDERING\MYPBRT\DIGIIMGSYNTHESIS\SRC\3RDPARTY\LENSVIEW\DEBUG\LENSVIEW.EXE.EMBED.MANIFEST.RES
C:\RENDERING\mypbrt\DigiImgSynthesis\src\3rdparty\lensview\Debug\lensview.exe.intermediate.manifest
C:\RENDERING\MYPBRT\DIGIIMGSYNTHESIS\SRC\3RDPARTY\LENSVIEW\DEBUG\LENSVIEW.OBJ
C:\RENDERING\mypbrt\DigiImgSynthesis\src\3rdparty\lensview\Debug\lensview.write.1.tlog
C:\RENDERING\mypbrt\DigiImgSynthesis\src\3rdparty\lensview\Debug\lensview_manifest.rc
C:\RENDERING\mypbrt\DigiImgSynthesis\src\3rdparty\lensview\Debug\link.command.1.tlog
C:\RENDERING\mypbrt\DigiImgSynthesis\src\3rdparty\lensview\Debug\link.read.1.tlog
C:\RENDERING\mypbrt\DigiImgSynthesis\src\3rdparty\lensview\Debug\link.write.1.tlog
C:\RENDERING\mypbrt\DigiImgSynthesis\src\3rdparty\lensview\Debug\link-cvtres.read.1.tlog
C:\RENDERING\mypbrt\DigiImgSynthesis\src\3rdparty\lensview\Debug\link-cvtres.write.1.tlog
C:\RENDERING\mypbrt\DigiImgSynthesis\src\3rdparty\lensview\Debug\rc.command.1.tlog
C:\RENDERING\mypbrt\DigiImgSynthesis\src\3rdparty\lensview\Debug\rc.read.1.tlog
C:\RENDERING\mypbrt\DigiImgSynthesis\src\3rdparty\lensview\Debug\rc.write.1.tlog
C:\RENDERING\mypbrt\DigiImgSynthesis\src\3rdparty\lensview\Debug\vc100.idb
C:\RENDERING\MYPBRT\DIGIIMGSYNTHESIS\SRC\3RDPARTY\LENSVIEW\DEBUG\VC100.PDB
